<?xml version="1.0" encoding="UTF-8"?>
<!-- Generated by org.testng.reporters.JUnitReportReporter -->
<testsuite hostname="hassan-VirtualBox" name="Runnerpackage.RunnerClass" tests="1" failures="0" timestamp="27 Apr 2019 19:19:41 GMT" time="8.753" errors="0">
  <testcase name="feature" time="8.753" classname="Runnerpackage.RunnerClass"/>
</testsuite> <!-- Runnerpackage.RunnerClass -->
